Determining if the pthread_create exist failed with the following output:
Change Dir: /home/jakub/Workspace/CLionProjects/table-tannis-champ-simulation/cmake-build-debug/CMakeFiles/CMakeTmp

Run Build Command(s):/usr/bin/make cmTC_ac6b5/fast 
/usr/bin/make -f CMakeFiles/cmTC_ac6b5.dir/build.make CMakeFiles/cmTC_ac6b5.dir/build
make[1]: Wejście do katalogu '/home/jakub/Workspace/CLionProjects/table-tannis-champ-simulation/cmake-build-debug/CMakeFiles/CMakeTmp'
Building C object CMakeFiles/cmTC_ac6b5.dir/CheckSymbolExists.c.o
/usr/bin/cc    -o CMakeFiles/cmTC_ac6b5.dir/CheckSymbolExists.c.o   -c /home/jakub/Workspace/CLionProjects/table-tannis-champ-simulation/cmake-build-debug/CMakeFiles/CMakeTmp/CheckSymbolExists.c
Linking C executable cmTC_ac6b5
/snap/clion/83/bin/cmake/linux/bin/cmake -E cmake_link_script CMakeFiles/cmTC_ac6b5.dir/link.txt --verbose=1
/usr/bin/cc      CMakeFiles/cmTC_ac6b5.dir/CheckSymbolExists.c.o  -o cmTC_ac6b5 
CMakeFiles/cmTC_ac6b5.dir/CheckSymbolExists.c.o: In function `main':
CheckSymbolExists.c:(.text+0x1b): undefined reference to `pthread_create'
collect2: error: ld returned 1 exit status
CMakeFiles/cmTC_ac6b5.dir/build.make:86: recipe for target 'cmTC_ac6b5' failed
make[1]: *** [cmTC_ac6b5] Error 1
make[1]: Opuszczenie katalogu '/home/jakub/Workspace/CLionProjects/table-tannis-champ-simulation/cmake-build-debug/CMakeFiles/CMakeTmp'
Makefile:121: recipe for target 'cmTC_ac6b5/fast' failed
make: *** [cmTC_ac6b5/fast] Error 2

File /home/jakub/Workspace/CLionProjects/table-tannis-champ-simulation/cmake-build-debug/CMakeFiles/CMakeTmp/CheckSymbolExists.c:
/* */
#include <pthread.h>

int main(int argc, char** argv)
{
  (void)argv;
#ifndef pthread_create
  return ((int*)(&pthread_create))[argc];
#else
  (void)argc;
  return 0;
#endif
}

Determining if the function pthread_create exists in the pthreads failed with the following output:
Change Dir: /home/jakub/Workspace/CLionProjects/table-tannis-champ-simulation/cmake-build-debug/CMakeFiles/CMakeTmp

Run Build Command(s):/usr/bin/make cmTC_4e711/fast 
/usr/bin/make -f CMakeFiles/cmTC_4e711.dir/build.make CMakeFiles/cmTC_4e711.dir/build
make[1]: Wejście do katalogu '/home/jakub/Workspace/CLionProjects/table-tannis-champ-simulation/cmake-build-debug/CMakeFiles/CMakeTmp'
Building C object CMakeFiles/cmTC_4e711.dir/CheckFunctionExists.c.o
/usr/bin/cc   -DCHECK_FUNCTION_EXISTS=pthread_create   -o CMakeFiles/cmTC_4e711.dir/CheckFunctionExists.c.o   -c /snap/clion/83/bin/cmake/linux/share/cmake-3.14/Modules/CheckFunctionExists.c
Linking C executable cmTC_4e711
/snap/clion/83/bin/cmake/linux/bin/cmake -E cmake_link_script CMakeFiles/cmTC_4e711.dir/link.txt --verbose=1
/usr/bin/cc  -DCHECK_FUNCTION_EXISTS=pthread_create    CMakeFiles/cmTC_4e711.dir/CheckFunctionExists.c.o  -o cmTC_4e711 -lpthreads 
/usr/bin/ld: cannot find -lpthreads
collect2: error: ld returned 1 exit status
CMakeFiles/cmTC_4e711.dir/build.make:86: recipe for target 'cmTC_4e711' failed
make[1]: *** [cmTC_4e711] Error 1
make[1]: Opuszczenie katalogu '/home/jakub/Workspace/CLionProjects/table-tannis-champ-simulation/cmake-build-debug/CMakeFiles/CMakeTmp'
Makefile:121: recipe for target 'cmTC_4e711/fast' failed
make: *** [cmTC_4e711/fast] Error 2


